<?xml version="1.0" encoding="UTF-8"?>
<!-- Generated by org.testng.reporters.JUnitXMLReporter -->
<testsuite hostname="DSCHD-PC-055" ignored="0" name="Test" tests="3" failures="0" timestamp="11 Jul 2019 13:02:31 GMT" time="12.075" errors="0">
  <testcase name="@AfterTest quitBrowser" time="0.001" classname="test.java.tests.ParallelExecutionTest">
    <failure type="java.lang.NullPointerException">
      <![CDATA[java.lang.NullPointerException
at test.java.tests.ParallelExecutionTest.quitBrowser(ParallelExecutionTest.java:27)
... Removed 24 stack frames]]>
    </failure>
  </testcase> <!-- @AfterTest quitBrowser -->
  <testcase name="executeSessionOne" time="11.392" classname="test.java.tests.ParallelExecutionTest"/>
  <testcase name="executeSessionTwo" time="11.477" classname="test.java.tests.ParallelExecutionTest"/>
  <testcase name="executeSessionThree" time="12.053" classname="test.java.tests.ParallelExecutionTest"/>
</testsuite> <!-- Test -->
