<?xml version="1.0" encoding="UTF-8"?>
<testng-results skipped="0" failed="0" total="1" passed="1">
  <reporter-output>
  </reporter-output>
  <suite name="Default suite" duration-ms="10882" started-at="2019-07-10T17:30:14Z" finished-at="2019-07-10T17:30:25Z">
    <groups>
    </groups>
    <test name="Default test" duration-ms="10882" started-at="2019-07-10T17:30:14Z" finished-at="2019-07-10T17:30:25Z">
      <class name="test.java.tests.HomeTest">
        <test-method status="PASS" signature="setUp()[pri:0, instance:test.java.tests.HomeTest@7823a2f9]" name="setUp" is-config="true" duration-ms="10841" started-at="2019-07-10T23:00:14Z" finished-at="2019-07-10T23:00:25Z">
          <reporter-output>
          </reporter-output>
        </test-method> <!-- setUp -->
        <test-method status="PASS" signature="loginPageTitleTest()[pri:0, instance:test.java.tests.HomeTest@7823a2f9]" name="loginPageTitleTest" duration-ms="13" started-at="2019-07-10T23:00:25Z" finished-at="2019-07-10T23:00:25Z">
          <reporter-output>
          </reporter-output>
        </test-method> <!-- loginPageTitleTest -->
      </class> <!-- test.java.tests.HomeTest -->
    </test> <!-- Default test -->
  </suite> <!-- Default suite -->
</testng-results>
